+38.300006       +0               
+37.340481       +0               
+36.885758       +0               
+36.677349       +0               
+36.583295       +0               
+36.541146       +0               
+36.522317       +0               
+36.513917       +0               
+36.510172       +0               
+36.508503       +0               
+36.50776        +0               
+36.507428       +0               
+38.764842       +1.4243607       
+37.592882       +0.70712392      
+37.008915       +0.3315662       
+36.734527       +0.15123146      
+36.609248       +0.06810113      
+36.552806       +0.030489123     
+36.527532       +0.01361454      
+36.516245       +0.0060723179    
+36.51121        +0.0027069485    
+36.508966       +0.0012064371    
+36.507966       +0.00053763119   
+36.50752        +0.00023957649   
+40.167111       +3.2813522       
+38.433276       +1.7559269       
+37.441651       +0.85835537      
+36.940814       +0.39966733      
+36.704038       +0.18172058      
+36.595633       +0.08171567      
+36.546734       +0.036561441     
+36.524825       +0.016321488     
+36.515038       +0.0072787551    
+36.510673       +0.0032445797    
+36.508726       +0.0014460136    
+36.507859       +0.00064438787   
+42.323504       +5.646155        
+40.015879       +3.4325837       
+38.365174       +1.824028        
+37.411162       +0.88884449      
+36.927199       +0.41328187      
+36.697965       +0.1877929       
+36.592926       +0.084422618     
+36.545527       +0.037767878     
+36.524287       +0.016859119     
+36.514799       +0.0075183315    
+36.510566       +0.0033513364    
+36.508679       +0.0014935846    
+44.62013        +8.0368349       
+42.255403       +5.7142562       
+39.98539        +3.4630728       
+38.35156        +1.8376426       
+37.405089       +0.89491681      
+36.924492       +0.41598882      
+36.696759       +0.18899933      
+36.592388       +0.08496025      
+36.545288       +0.038007455     
+36.524181       +0.016965876     
+36.514751       +0.0075659025    
+36.510545       +0.003372534     
+46.398286       +9.8571393       
+44.589641       +8.067324        
+42.241788       +5.7278707       
+39.979318       +3.4691451       
+38.348853       +1.8403495       
+37.403883       +0.89612325      
+36.923955       +0.41652645      
+36.696519       +0.18923891      
+36.592282       +0.085067006     
+36.54524        +0.038055026     
+36.524159       +0.016987074     
+36.514742       +0.0075753481    
+47.477314       +10.954997       
+46.384671       +9.8707538       
+44.583569       +8.0733963       
+42.239081       +5.7305776       
+39.978111       +3.4703516       
+38.348315       +1.8408872       
+37.403643       +0.89636283      
+36.923848       +0.41663321      
+36.696472       +0.18928648      
+36.59226        +0.085088204     
+36.545231       +0.038064471     
+36.524155       +0.016991283     
+48.039401       +11.525484       
