#
# A fatal error has been detected by the Java Runtime Environment:
#
#  Internal Error (os_windows_x86.cpp:143), pid=396, tid=4916
#  guarantee(result == EXCEPTION_CONTINUE_EXECUTION) failed: Unexpected result from topLevelExceptionFilter
#
# JRE version: Java(TM) SE Runtime Environment (7.0_65-b19) (build 1.7.0_65-b19)
# Java VM: Java HotSpot(TM) 64-Bit Server VM (24.65-b04 mixed mode windows-amd64 compressed oops)
# Failed to write core dump. Minidumps are not enabled by default on client versions of Windows
#
# If you would like to submit a bug report, please visit:
#   http://bugreport.sun.com/bugreport/crash.jsp
# The crash happened outside the Java Virtual Machine in native code.
# See problematic frame for where to report the bug.
#

---------------  T H R E A D  ---------------

Current thread (0x000000000a1ac000):  JavaThread "AWT-EventQueue-0" [_thread_in_native, id=4916, stack(0x000000000b180000,0x000000000b280000)]

Stack: [0x000000000b180000,0x000000000b280000]
[error occurred during error reporting (printing stack bounds), id 0xc0000005]


[error occurred during error reporting (printing native stack), id 0xc0000005]

Java frames: (J=compiled Java code, j=interpreted, Vv=VM code)
j  org.rosuda.JRI.Rengine.rniParse(Ljava/lang/String;I)J+0
j  org.rosuda.JRI.Rengine.eval(Ljava/lang/String;Z)Lorg/rosuda/JRI/REXP;+53
j  org.rosuda.JRI.Rengine.eval(Ljava/lang/String;)Lorg/rosuda/JRI/REXP;+3
j  utils.MyRengine.getRengine()Lutils/MyRengine;+68
j  gui.DataTableModel.openFile(Ljava/io/File;)V+22
j  gui.MainFrame.menuFileLoadActionPerformed(Ljava/awt/event/ActionEvent;)V+22
j  gui.MainFrame.access$2800(Lgui/MainFrame;Ljava/awt/event/ActionEvent;)V+2
j  gui.MainFrame$29.actionPerformed(Ljava/awt/event/ActionEvent;)V+5
j  javax.swing.AbstractButton.fireActionPerformed(Ljava/awt/event/ActionEvent;)V+84
j  javax.swing.AbstractButton$Handler.actionPerformed(Ljava/awt/event/ActionEvent;)V+5
j  javax.swing.DefaultButtonModel.fireActionPerformed(Ljava/awt/event/ActionEvent;)V+35
j  javax.swing.DefaultButtonModel.setPressed(Z)V+117
j  javax.swing.AbstractButton.doClick(I)V+64
j  javax.swing.plaf.basic.BasicMenuItemUI.doClick(Ljavax/swing/MenuSelectionManager;)V+53
j  javax.swing.plaf.basic.BasicMenuItemUI$Handler.mouseReleased(Ljava/awt/event/MouseEvent;)V+76
j  java.awt.Component.processMouseEvent(Ljava/awt/event/MouseEvent;)V+64
j  javax.swing.JComponent.processMouseEvent(Ljava/awt/event/MouseEvent;)V+23
j  java.awt.Component.processEvent(Ljava/awt/AWTEvent;)V+81
j  java.awt.Container.processEvent(Ljava/awt/AWTEvent;)V+18
j  java.awt.Component.dispatchEventImpl(Ljava/awt/AWTEvent;)V+581
j  java.awt.Container.dispatchEventImpl(Ljava/awt/AWTEvent;)V+42
j  java.awt.Component.dispatchEvent(Ljava/awt/AWTEvent;)V+2
j  java.awt.LightweightDispatcher.retargetMouseEvent(Ljava/awt/Component;ILjava/awt/event/MouseEvent;)V+327
j  java.awt.LightweightDispatcher.processMouseEvent(Ljava/awt/event/MouseEvent;)Z+139
j  java.awt.LightweightDispatcher.dispatchEvent(Ljava/awt/AWTEvent;)Z+50
j  java.awt.Container.dispatchEventImpl(Ljava/awt/AWTEvent;)V+12
j  java.awt.Window.dispatchEventImpl(Ljava/awt/AWTEvent;)V+19
j  java.awt.Component.dispatchEvent(Ljava/awt/AWTEvent;)V+2
j  java.awt.EventQueue.dispatchEventImpl(Ljava/awt/AWTEvent;Ljava/lang/Object;)V+41
j  java.awt.EventQueue.access$200(Ljava/awt/EventQueue;Ljava/awt/AWTEvent;Ljava/lang/Object;)V+3
j  java.awt.EventQueue$3.run()Ljava/lang/Void;+12
j  java.awt.EventQueue$3.run()Ljava/lang/Object;+1
v  ~StubRoutines::call_stub
j  java.security.AccessController.doPrivileged(Ljava/security/PrivilegedAction;Ljava/security/AccessControlContext;)Ljava/lang/Object;+0
j  java.security.ProtectionDomain$1.doIntersectionPrivilege(Ljava/security/PrivilegedAction;Ljava/security/AccessControlContext;Ljava/security/AccessControlContext;)Ljava/lang/Object;+28
j  java.security.ProtectionDomain$1.doIntersectionPrivilege(Ljava/security/PrivilegedAction;Ljava/security/AccessControlContext;)Ljava/lang/Object;+6
j  java.awt.EventQueue$4.run()Ljava/lang/Void;+11
j  java.awt.EventQueue$4.run()Ljava/lang/Object;+1
v  ~StubRoutines::call_stub
j  java.security.AccessController.doPrivileged(Ljava/security/PrivilegedAction;Ljava/security/AccessControlContext;)Ljava/lang/Object;+0
j  java.security.ProtectionDomain$1.doIntersectionPrivilege(Ljava/security/PrivilegedAction;Ljava/security/AccessControlContext;Ljava/security/AccessControlContext;)Ljava/lang/Object;+28
j  java.awt.EventQueue.dispatchEvent(Ljava/awt/AWTEvent;)V+73
j  java.awt.EventDispatchThread.pumpOneEventForFilters(I)V+245
j  java.awt.EventDispatchThread.pumpEventsForFilter(ILjava/awt/Conditional;Ljava/awt/EventFilter;)V+35
j  java.awt.EventDispatchThread.pumpEventsForHierarchy(ILjava/awt/Conditional;Ljava/awt/Component;)V+11
j  java.awt.EventDispatchThread.pumpEvents(ILjava/awt/Conditional;)V+4
j  java.awt.EventDispatchThread.pumpEvents(Ljava/awt/Conditional;)V+3
j  java.awt.EventDispatchThread.run()V+9
v  ~StubRoutines::call_stub

---------------  P R O C E S S  ---------------

Java Threads: ( => current thread )
  0x000000000b5b4000 JavaThread "Thread-3" [_thread_blocked, id=3612, stack(0x000000000ae10000,0x000000000af10000)]
  0x000000000a3e0800 JavaThread "Thread-1" [_thread_blocked, id=4364, stack(0x000000000bfa0000,0x000000000c0a0000)]
  0x000000000a3db800 JavaThread "TimerQueue" daemon [_thread_blocked, id=4620, stack(0x000000000bd70000,0x000000000be70000)]
  0x000000000231f000 JavaThread "DestroyJavaVM" [_thread_blocked, id=3112, stack(0x0000000002520000,0x0000000002620000)]
=>0x000000000a1ac000 JavaThread "AWT-EventQueue-0" [_thread_in_native, id=4916, stack(0x000000000b180000,0x000000000b280000)]
  0x000000000a244800 JavaThread "AWT-Windows" daemon [_thread_in_native, id=3432, stack(0x000000000a880000,0x000000000a980000)]
  0x000000000a243000 JavaThread "AWT-Shutdown" [_thread_blocked, id=4568, stack(0x000000000a630000,0x000000000a730000)]
  0x000000000a242000 JavaThread "Java2D Disposer" daemon [_thread_blocked, id=2376, stack(0x000000000a780000,0x000000000a880000)]
  0x0000000008651000 JavaThread "Service Thread" daemon [_thread_blocked, id=3352, stack(0x000000000a010000,0x000000000a110000)]
  0x000000000864e800 JavaThread "C2 CompilerThread1" daemon [_thread_blocked, id=2260, stack(0x0000000009d50000,0x0000000009e50000)]
  0x000000000864a000 JavaThread "C2 CompilerThread0" daemon [_thread_blocked, id=412, stack(0x0000000009c30000,0x0000000009d30000)]
  0x0000000008649000 JavaThread "Attach Listener" daemon [_thread_blocked, id=4472, stack(0x00000000097f0000,0x00000000098f0000)]
  0x0000000008642000 JavaThread "Signal Dispatcher" daemon [_thread_blocked, id=2984, stack(0x0000000009ae0000,0x0000000009be0000)]
  0x00000000085e9800 JavaThread "Finalizer" daemon [_thread_blocked, id=296, stack(0x0000000009940000,0x0000000009a40000)]
  0x00000000085e2800 JavaThread "Reference Handler" daemon [_thread_blocked, id=3884, stack(0x00000000096d0000,0x00000000097d0000)]

Other Threads:
  0x00000000085dc800 VMThread [stack: 0x0000000009560000,0x0000000009660000] [id=4984]
  0x000000000a118800 WatcherThread [stack: 0x0000000009e90000,0x0000000009f90000] [id=4632]

VM state:not at safepoint (normal execution)

VM Mutex/Monitor currently owned by a thread: None

Heap
 PSYoungGen      total 18944K, used 7491K [0x00000000eb000000, 0x00000000ed500000, 0x0000000100000000)
  eden space 16384K, 30% used [0x00000000eb000000,0x00000000eb4e1db0,0x00000000ec000000)
  from space 2560K, 97% used [0x00000000ec000000,0x00000000ec26efe8,0x00000000ec280000)
  to   space 2560K, 0% used [0x00000000ed280000,0x00000000ed280000,0x00000000ed500000)
 ParOldGen       total 43008K, used 6334K [0x00000000c1000000, 0x00000000c3a00000, 0x00000000eb000000)
  object space 43008K, 14% used [0x00000000c1000000,0x00000000c162f8c8,0x00000000c3a00000)
 PSPermGen       total 21504K, used 12581K [0x00000000bbe00000, 0x00000000bd300000, 0x00000000c1000000)
  object space 21504K, 58% used [0x00000000bbe00000,0x00000000bca496d0,0x00000000bd300000)

Card table byte_map: [0x0000000005620000,0x0000000005850000] byte_map_base: 0x0000000005041000

Polling page: 0x0000000000150000

Code Cache  [0x0000000002620000, 0x0000000002890000, 0x0000000005620000)
 total_blobs=510 nmethods=80 adapters=382 free_code_cache=48527Kb largest_free_block=49671744

Compilation events (10 events):
Event: 0.750 Thread 0x000000000864e800   73             sun.swing.DefaultLayoutStyle::getButtonGap (50 bytes)
Event: 0.751 Thread 0x000000000864e800 nmethod 73 0x00000000026b4910 code [0x00000000026b4a80, 0x00000000026b4bc8]
Event: 1.256 Thread 0x000000000864a000   74             java.lang.Object::equals (11 bytes)
Event: 1.257 Thread 0x000000000864a000 nmethod 74 0x00000000026b4710 code [0x00000000026b4840, 0x00000000026b4898]
Event: 1.466 Thread 0x000000000864e800   76             java.awt.Component::checkTreeLock (21 bytes)
Event: 1.467 Thread 0x000000000864e800 nmethod 76 0x00000000026b2a90 code [0x00000000026b2be0, 0x00000000026b2c68]
Event: 1.925 Thread 0x000000000864e800   78             java.awt.Component::getContainer (5 bytes)
Event: 1.926 Thread 0x000000000864e800 nmethod 78 0x00000000026b3e50 code [0x00000000026b3fa0, 0x00000000026b4018]
Event: 2.400 Thread 0x000000000864a000   80 %           org.rosuda.JRI.Rengine::<init> @ 74 (95 bytes)
Event: 2.403 Thread 0x000000000864a000 nmethod 80% 0x00000000026b2010 code [0x00000000026b2160, 0x00000000026b2228]

GC Heap History (2 events):
Event: 0.766 GC heap before
{Heap before GC invocations=1 (full 0):
 PSYoungGen      total 18944K, used 16357K [0x00000000eb000000, 0x00000000ec500000, 0x0000000100000000)
  eden space 16384K, 99% used [0x00000000eb000000,0x00000000ebff94f8,0x00000000ec000000)
  from space 2560K, 0% used [0x00000000ec280000,0x00000000ec280000,0x00000000ec500000)
  to   space 2560K, 0% used [0x00000000ec000000,0x00000000ec000000,0x00000000ec280000)
 ParOldGen       total 43008K, used 0K [0x00000000c1000000, 0x00000000c3a00000, 0x00000000eb000000)
  object space 43008K, 0% used [0x00000000c1000000,0x00000000c1000000,0x00000000c3a00000)
 PSPermGen       total 21504K, used 12414K [0x00000000bbe00000, 0x00000000bd300000, 0x00000000c1000000)
  object space 21504K, 57% used [0x00000000bbe00000,0x00000000bca1f880,0x00000000bd300000)
Event: 0.776 GC heap after
Heap after GC invocations=1 (full 0):
 PSYoungGen      total 18944K, used 2491K [0x00000000eb000000, 0x00000000ed500000, 0x0000000100000000)
  eden space 16384K, 0% used [0x00000000eb000000,0x00000000eb000000,0x00000000ec000000)
  from space 2560K, 97% used [0x00000000ec000000,0x00000000ec26efe8,0x00000000ec280000)
  to   space 2560K, 0% used [0x00000000ed280000,0x00000000ed280000,0x00000000ed500000)
 ParOldGen       total 43008K, used 6334K [0x00000000c1000000, 0x00000000c3a00000, 0x00000000eb000000)
  object space 43008K, 14% used [0x00000000c1000000,0x00000000c162f8c8,0x00000000c3a00000)
 PSPermGen       total 21504K, used 12414K [0x00000000bbe00000, 0x00000000bd300000, 0x00000000c1000000)
  object space 21504K, 57% used [0x00000000bbe00000,0x00000000bca1f880,0x00000000bd300000)
}

Deoptimization events (10 events):
Event: 0.361 Thread 0x000000000a1ac000 Uncommon trap: reason=bimorphic action=maybe_recompile pc=0x000000000269e0b0 method=java.util.HashMap.getEntry(Ljava/lang/Object;)Ljava/util/HashMap$Entry; @ 68
Event: 0.361 Thread 0x000000000a1ac000 Uncommon trap: reason=bimorphic action=maybe_recompile pc=0x000000000269e0b0 method=java.util.HashMap.getEntry(Ljava/lang/Object;)Ljava/util/HashMap$Entry; @ 68
Event: 0.361 Thread 0x000000000a1ac000 Uncommon trap: reason=bimorphic action=maybe_recompile pc=0x000000000269e0b0 method=java.util.HashMap.getEntry(Ljava/lang/Object;)Ljava/util/HashMap$Entry; @ 68
Event: 0.412 Thread 0x000000000a1ac000 Uncommon trap: reason=bimorphic action=maybe_recompile pc=0x000000000269c9cc method=java.util.HashMap.getEntry(Ljava/lang/Object;)Ljava/util/HashMap$Entry; @ 68
Event: 0.675 Thread 0x000000000a1ac000 Uncommon trap: reason=class_check action=maybe_recompile pc=0x0000000002695684 method=java.lang.String.equals(Ljava/lang/Object;)Z @ 8
Event: 0.675 Thread 0x000000000a1ac000 Uncommon trap: reason=class_check action=maybe_recompile pc=0x0000000002695684 method=java.lang.String.equals(Ljava/lang/Object;)Z @ 8
Event: 0.675 Thread 0x000000000a1ac000 Uncommon trap: reason=class_check action=maybe_recompile pc=0x0000000002695684 method=java.lang.String.equals(Ljava/lang/Object;)Z @ 8
Event: 0.675 Thread 0x000000000a1ac000 Uncommon trap: reason=class_check action=maybe_recompile pc=0x0000000002695684 method=java.lang.String.equals(Ljava/lang/Object;)Z @ 8
Event: 1.469 Thread 0x000000000a1ac000 Uncommon trap: reason=unreached action=reinterpret pc=0x00000000026b1974 method=java.lang.AbstractStringBuilder.append(Ljava/lang/String;)Ljava/lang/AbstractStringBuilder; @ 1
Event: 1.469 Thread 0x000000000a1ac000 Uncommon trap: reason=unreached action=reinterpret pc=0x00000000026b37f4 method=java.lang.AbstractStringBuilder.append(Ljava/lang/String;)Ljava/lang/AbstractStringBuilder; @ 1

Internal exceptions (10 events):
Event: 0.445 Thread 0x000000000a1ac000 Threw 0x00000000eb535f48 at C:\re\jdk7u65\1313\hotspot\src\share\vm\prims\jvm.cpp:1244
Event: 0.447 Thread 0x000000000a1ac000 Threw 0x00000000eb53d6b0 at C:\re\jdk7u65\1313\hotspot\src\share\vm\prims\jvm.cpp:1244
Event: 0.449 Thread 0x000000000a1ac000 Threw 0x00000000eb543aa8 at C:\re\jdk7u65\1313\hotspot\src\share\vm\prims\jvm.cpp:1244
Event: 0.449 Thread 0x000000000a1ac000 Threw 0x00000000eb545b60 at C:\re\jdk7u65\1313\hotspot\src\share\vm\prims\jvm.cpp:1244
Event: 1.469 Thread 0x000000000a1ac000 Implicit null exception at 0x00000000026b1646 to 0x00000000026b195d
Event: 1.469 Thread 0x000000000a1ac000 Implicit null exception at 0x00000000026b34c6 to 0x00000000026b37dd
Event: 2.372 Thread 0x000000000a1ac000 Threw 0x00000000eb491ca0 at C:\re\jdk7u65\1313\hotspot\src\share\vm\prims\jvm.cpp:1244
Event: 2.387 Thread 0x000000000a1ac000 Threw 0x00000000eb49abc0 at C:\re\jdk7u65\1313\hotspot\src\share\vm\prims\jvm.cpp:1244
Event: 2.398 Thread 0x000000000a1ac000 Threw 0x00000000eb49f798 at C:\re\jdk7u65\1313\hotspot\src\share\vm\prims\jvm.cpp:1244
Event: 2.848 Thread 0x000000000a1ac000 Threw 0x00000000eb4a1978 at C:\re\jdk7u65\1313\hotspot\src\share\vm\prims\jvm.cpp:1244

Events (10 events):
Event: 2.377 loading class 0x0000000002203040 done
Event: 2.378 loading class 0x000000000220e930
Event: 2.378 loading class 0x000000000220e930 done
Event: 2.387 loading class 0x000000000a159fc0
Event: 2.387 loading class 0x000000000a159fc0 done
Event: 2.389 Thread 0x000000000b5b4000 Thread added: 0x000000000b5b4000
Event: 2.398 loading class 0x000000000a243bb0
Event: 2.398 loading class 0x000000000a243bb0 done
Event: 2.848 loading class 0x000000000a176c70
Event: 2.848 loading class 0x000000000a176c70 done


Dynamic libraries:
0x000000013fbf0000 - 0x000000013fc23000 	C:\Program Files\Java\jdk1.7.0_65\bin\java.exe
0x00000000773e0000 - 0x0000000077589000 	C:\Windows\SYSTEM32\ntdll.dll
0x00000000772c0000 - 0x00000000773df000 	C:\Windows\system32\kernel32.dll
0x000007fefd2c0000 - 0x000007fefd32c000 	C:\Windows\system32\KERNELBASE.dll
0x000007fefe1a0000 - 0x000007fefe27b000 	C:\Windows\system32\ADVAPI32.dll
0x000007fefd5b0000 - 0x000007fefd64f000 	C:\Windows\system32\msvcrt.dll
0x000007feff600000 - 0x000007feff61f000 	C:\Windows\SYSTEM32\sechost.dll
0x000007fefe3f0000 - 0x000007fefe51d000 	C:\Windows\system32\RPCRT4.dll
0x00000000771c0000 - 0x00000000772ba000 	C:\Windows\system32\USER32.dll
0x000007fefe760000 - 0x000007fefe7c7000 	C:\Windows\system32\GDI32.dll
0x000007fefdb00000 - 0x000007fefdb0e000 	C:\Windows\system32\LPK.dll
0x000007fefe0d0000 - 0x000007fefe199000 	C:\Windows\system32\USP10.dll
0x000007fefbc50000 - 0x000007fefbe44000 	C:\Windows\WinSxS\amd64_microsoft.windows.common-controls_6595b64144ccf1df_6.0.7601.17514_none_fa396087175ac9ac\COMCTL32.dll
0x000007feff670000 - 0x000007feff6e1000 	C:\Windows\system32\SHLWAPI.dll
0x000007fefdb90000 - 0x000007fefdbbe000 	C:\Windows\system32\IMM32.DLL
0x000007fefdbd0000 - 0x000007fefdcd9000 	C:\Windows\system32\MSCTF.dll
0x0000000071780000 - 0x0000000071800000 	c:\program files (x86)\f-secure\apps\computersecurity\hips\fshook64.dll
0x00000000775b0000 - 0x00000000775b7000 	C:\Windows\system32\PSAPI.DLL
0x000000006d080000 - 0x000000006d152000 	C:\Program Files\Java\jdk1.7.0_65\jre\bin\msvcr100.dll
0x000000005e980000 - 0x000000005f152000 	C:\Program Files\Java\jdk1.7.0_65\jre\bin\server\jvm.dll
0x000007fef8360000 - 0x000007fef8369000 	C:\Windows\system32\WSOCK32.dll
0x000007feff620000 - 0x000007feff66d000 	C:\Windows\system32\WS2_32.dll
0x000007fefdbc0000 - 0x000007fefdbc8000 	C:\Windows\system32\NSI.dll
0x000007fef59e0000 - 0x000007fef5a1b000 	C:\Windows\system32\WINMM.dll
0x000000006d070000 - 0x000000006d07f000 	C:\Program Files\Java\jdk1.7.0_65\jre\bin\verify.dll
0x000000006d040000 - 0x000000006d068000 	C:\Program Files\Java\jdk1.7.0_65\jre\bin\java.dll
0x000000006c3d0000 - 0x000000006c3e5000 	C:\Program Files\Java\jdk1.7.0_65\jre\bin\zip.dll
0x0000000065860000 - 0x00000000659f5000 	C:\Program Files\Java\jdk1.7.0_65\jre\bin\awt.dll
0x000007fefd920000 - 0x000007fefd9f7000 	C:\Windows\system32\OLEAUT32.dll
0x000007fefdec0000 - 0x000007fefe0c3000 	C:\Windows\system32\ole32.dll
0x000007fefb7c0000 - 0x000007fefb816000 	C:\Windows\system32\uxtheme.dll
0x000007fefb1c0000 - 0x000007fefb1d1000 	C:\Program Files (x86)\Dexpot\hooxpot64.dll
0x000007fefb3f0000 - 0x000007fefb408000 	C:\Windows\system32\dwmapi.dll
0x000007fefd050000 - 0x000007fefd05f000 	C:\Windows\system32\CRYPTBASE.dll
0x000007fefe7d0000 - 0x000007feff558000 	C:\Windows\system32\SHELL32.dll
0x000000006d220000 - 0x000000006d267000 	C:\Program Files\Java\jdk1.7.0_65\jre\bin\fontmanager.dll
0x000000006d020000 - 0x000000006d039000 	C:\Program Files\Java\jdk1.7.0_65\jre\bin\net.dll
0x000007fefc990000 - 0x000007fefc9e5000 	C:\Windows\system32\mswsock.dll
0x000007fefc980000 - 0x000007fefc987000 	C:\Windows\System32\wship6.dll
0x000000006b6f0000 - 0x000000006b701000 	C:\Program Files\Java\jdk1.7.0_65\jre\bin\nio.dll
0x000000006d1d0000 - 0x000000006d211000 	C:\Program Files\Java\jdk1.7.0_65\jre\bin\t2k.dll
0x000007fefda00000 - 0x000007fefda99000 	C:\Windows\system32\CLBCatQ.DLL
0x000007fefb240000 - 0x000007fefb3a1000 	C:\Windows\system32\WindowsCodecs.dll
0x000007fefcff0000 - 0x000007fefd047000 	C:\Windows\system32\apphelp.dll
0x000007fef4820000 - 0x000007fef485f000 	C:\Users\Andrejka\AppData\Local\Microsoft\SkyDrive\17.0.4035.0328\amd64\SkyDriveShell64.dll
0x000007fef3b30000 - 0x000007fef3bd7000 	C:\Users\Andrejka\AppData\Local\Microsoft\SkyDrive\17.0.4035.0328\amd64\MSVCP110.dll
0x000007fef3a60000 - 0x000007fef3b2e000 	C:\Users\Andrejka\AppData\Local\Microsoft\SkyDrive\17.0.4035.0328\amd64\MSVCR110.dll
0x000007fefc2e0000 - 0x000007fefc2ec000 	C:\Windows\system32\VERSION.dll
0x000007fefe520000 - 0x000007fefe75b000 	C:\Windows\system32\WININET.dll
0x000007fefd2b0000 - 0x000007fefd2b4000 	C:\Windows\system32\api-ms-win-downlevel-user32-l1-1-0.dll
0x000007fefd260000 - 0x000007fefd264000 	C:\Windows\system32\api-ms-win-downlevel-shlwapi-l1-1-0.dll
0x000007fefd580000 - 0x000007fefd584000 	C:\Windows\system32\api-ms-win-downlevel-version-l1-1-0.dll
0x000007fefd210000 - 0x000007fefd213000 	C:\Windows\system32\api-ms-win-downlevel-normaliz-l1-1-0.dll
0x00000000775a0000 - 0x00000000775a3000 	C:\Windows\system32\normaliz.DLL
0x000007fefd670000 - 0x000007fefd91f000 	C:\Windows\system32\iertutil.dll
0x000007fefd570000 - 0x000007fefd575000 	C:\Windows\system32\api-ms-win-downlevel-advapi32-l1-1-0.dll
0x000007fefd590000 - 0x000007fefd5ae000 	C:\Windows\system32\USERENV.dll
0x000007fefd1f0000 - 0x000007fefd1ff000 	C:\Windows\system32\profapi.dll
0x000007fef3820000 - 0x000007fef3a5d000 	C:\Program Files\Microsoft Office 15\root\VFS\ProgramFilesX64\Microsoft Office\Office15\GROOVEEX.DLL
0x00000000712c0000 - 0x0000000071358000 	C:\Program Files\Microsoft Office 15\root\VFS\ProgramFilesX64\Microsoft Office\Office15\MSVCP100.dll
0x0000000071290000 - 0x00000000712bb000 	C:\Program Files\Microsoft Office 15\root\VFS\ProgramFilesX64\Microsoft Office\Office15\ATL100.DLL
0x000007fef3db0000 - 0x000007fef40cd000 	C:\Windows\system32\msi.dll
0x000007fef1c90000 - 0x000007fef250c000 	C:\Program Files\Microsoft Office 15\root\VFS\ProgramFilesX64\Microsoft Office\Office15\1033\GrooveIntlResource.dll
0x000007fef4490000 - 0x000007fef44c5000 	C:\Windows\system32\EhStorShell.dll
0x000007fefdce0000 - 0x000007fefdeb7000 	C:\Windows\system32\SETUPAPI.dll
0x000007fefd270000 - 0x000007fefd2a6000 	C:\Windows\system32\CFGMGR32.dll
0x000007fefd330000 - 0x000007fefd34a000 	C:\Windows\system32\DEVOBJ.dll
0x000007fefb960000 - 0x000007fefba8c000 	C:\Windows\system32\PROPSYS.dll
0x000007fef32a0000 - 0x000007fef331e000 	C:\Windows\System32\cscui.dll
0x000007fef8ae0000 - 0x000007fef8aec000 	C:\Windows\System32\CSCDLL.dll
0x000007fef6fe0000 - 0x000007fef6fef000 	C:\Windows\system32\CSCAPI.dll
0x000007fef3220000 - 0x000007fef32a0000 	C:\Windows\system32\ntshrui.dll
0x000007fefcc70000 - 0x000007fefcc93000 	C:\Windows\system32\srvcli.dll
0x000007fefab20000 - 0x000007fefab2b000 	C:\Windows\system32\slc.dll
0x0000000062d80000 - 0x0000000062da6000 	C:\Program Files\R\R-3.1.1\library\rJava\jri\x64\jri.dll
0x000000006c700000 - 0x000000006cae6000 	C:\Program Files\R\R-3.1.1\bin\x64\R.dll
0x0000000064e80000 - 0x0000000064eda000 	C:\Program Files\R\R-3.1.1\bin\x64\Rblas.dll
0x00000000641c0000 - 0x00000000641e5000 	C:\Program Files\R\R-3.1.1\bin\x64\Riconv.dll
0x0000000063540000 - 0x00000000635b0000 	C:\Program Files\R\R-3.1.1\bin\x64\Rgraphapp.dll
0x000007feff560000 - 0x000007feff5f7000 	C:\Windows\system32\comdlg32.dll
0x000007fef9f90000 - 0x000007fef9f97000 	C:\Windows\system32\MSIMG32.dll
0x000000006f8c0000 - 0x000000006f8f2000 	C:\Program Files\R\R-3.1.1\bin\x64\Rzlib.dll
0x000000006e5c0000 - 0x000000006e5e7000 	C:\Program Files\R\R-3.1.1\library\utils\libs\x64\utils.dll
0x0000000064a40000 - 0x0000000064a54000 	C:\Program Files\R\R-3.1.1\library\methods\libs\x64\methods.dll
0x000000006fc80000 - 0x000000006fcd1000 	C:\Program Files\R\R-3.1.1\library\grDevices\libs\x64\grDevices.dll
0x0000000063740000 - 0x0000000063787000 	C:\Program Files\R\R-3.1.1\library\graphics\libs\x64\graphics.dll
0x0000000071100000 - 0x00000000711a1000 	C:\Program Files\R\R-3.1.1\library\stats\libs\x64\stats.dll
0x000000000dda0000 - 0x000000000e039000 	C:\Program Files\R\R-3.1.1\bin\x64\Rlapack.dll

VM Arguments:
jvm_args: -Dfile.encoding=UTF-8 
java_command: gui.MainFrame
Launcher Type: SUN_STANDARD

Environment Variables:
JAVA_HOME=C:\Program Files\Java\jdk1.7.0_65
PATH=.;C:\Windows\system32;C:\Windows;C:\Windows\System32\Wbem;C:\Windows\System32\WindowsPowerShell\v1.0\;C:\Program Files (x86)\Git\cmd;C:\Program Files\Microsoft SQL Server\110\Tools\Binn\;C:\Program Files\Texlive\2013\bin\win32;C:\Program Files\OpenVPN\bin;C:\Program Files (x86)\MySQL\MySQL Utilities 1.3.6\;C:\Program Files\R\R-3.1.1\bin\x64;C:\Program Files\R\R-3.1.1\library\rJava\jri\x64;C:\Program Files\R\R-3.1.1\library\rJava\jri;C:\Program Files\R\R-3.1.1\library\rJava\libs\x64;C:\Program Files\MATLAB\R2014a\bin;C:\Program Files\MATLAB\R2014a\polyspace\bin;C:\cygwin64\bin;C:\Program Files\Statgraphics\STATGRAPHICS Centurion XVI.II\;C:\Program Files\gtk\bin;C:\Program Files\Java\jdk1.7.0_65\jre\bin\server
USERNAME=Andrejka
OS=Windows_NT
PROCESSOR_IDENTIFIER=Intel64 Family 6 Model 42 Stepping 7, GenuineIntel



---------------  S Y S T E M  ---------------

OS: Windows 7 , 64 bit Build 7601 Service Pack 1

CPU:total 4 (2 cores per cpu, 2 threads per core) family 6 model 42 stepping 7, cmov, cx8, fxsr, mmx, sse, sse2, sse3, ssse3, sse4.1, sse4.2, popcnt, avx, ht, tsc, tscinvbit

Memory: 4k page, physical 4127088k(1058604k free), swap 8252312k(4576112k free)

vm_info: Java HotSpot(TM) 64-Bit Server VM (24.65-b04) for windows-amd64 JRE (1.7.0_65-b19), built on Jul  9 2014 17:47:07 by "java_re" with unknown MS VC++:1600

time: Wed Oct 08 09:51:36 2014
elapsed time: 2 seconds

